<?xml version="1.0" encoding="UTF-8"?>
<!-- Generated by org.testng.reporters.JUnitReportReporter -->
<testsuite skipped="1" hostname="DESKTOP-1OA425B" name="com.qa.hubspot.tests.HomePageTest" tests="3" failures="0" timestamp="29 Apr 2020 19:34:17 GMT" time="3.695" errors="0">
  <testcase name="verifyHomePageTitle" time="0.381" classname="com.qa.hubspot.tests.HomePageTest"/>
  <testcase name="verifyHomePageHeader" time="3.314" classname="com.qa.hubspot.tests.HomePageTest"/>
  <testcase name="verifyLoggedInUserTest" classname="com.qa.hubspot.tests.HomePageTest">
    <skipped/>
  </testcase> <!-- verifyLoggedInUserTest -->
</testsuite> <!-- com.qa.hubspot.tests.HomePageTest -->
